#
# A fatal error has been detected by the Java Runtime Environment:
#
#  SIGILL (0x4) at pc=0x00007fff8c579e50, pid=4609, tid=2571
#
# JRE version: Java(TM) SE Runtime Environment (9.0+11) (build 9.0.4+11)
# Java VM: Java HotSpot(TM) 64-Bit Server VM (9.0.4+11, mixed mode, tiered, compressed oops, g1 gc, bsd-amd64)
# Problematic frame:
# C  [libobjc.A.dylib+0x15e50]  _objc_trap()+0x0
#
# No core dump will be written. Core dumps have been disabled. To enable core dumping, try "ulimit -c unlimited" before starting Java again
#
# If you would like to submit a bug report, please visit:
#   http://bugreport.java.com/bugreport/crash.jsp
# The crash happened outside the Java Virtual Machine in native code.
# See problematic frame for where to report the bug.
#

---------------  S U M M A R Y ------------

Command Line: -Djava.library.path=/Users/ma10s/eclipse-workspace/GameEngine3D/lib/natives -Dfile.encoding=UTF-8 engineTester.MainGameLoop

Host: MacBookPro7,1 x86_64 2400 MHz, 2 cores, 4G, Darwin 15.6.0
Time: Mon Apr  9 13:24:49 2018 CEST elapsed time: 63 seconds (0d 0h 1m 3s)

---------------  T H R E A D  ---------------

Current thread (0x00007f9eba9fb800):  JavaThread "AppKit Thread" daemon [_thread_in_native, id=2571, stack(0x00007fff5e1f2000,0x00007fff5e9f2000)]

Stack: [0x00007fff5e1f2000,0x00007fff5e9f2000],  sp=0x00007fff5e9ed6b8,  free space=8173k
Native frames: (J=compiled Java code, A=aot compiled Java code, j=interpreted, Vv=VM code, C=native code)
C  [libobjc.A.dylib+0x15e50]  _objc_trap()+0x0
C  [libobjc.A.dylib+0xcbd7]  weak_register_no_lock+0xde
C  [libobjc.A.dylib+0xc966]  objc_storeWeak+0x18b
C  [Foundation+0x19973]  -[NSConcreteMapTable setObject:forKey:]+0x6e
C  [AppKit+0x345f6a]  -[NSView(NSOpenGLContextAssociation) _setOpenGLContext:]+0xf2
C  [AppKit+0x6856dd]  __27-[NSOpenGLContext setView:]_block_invoke+0xd6
C  [AppKit+0x183325]  NSPerformVisuallyAtomicChange+0x93
C  [AppKit+0x345c0d]  -[NSOpenGLContext setView:]+0x77
C  [liblwjgl.jnilib+0x9f3e]  -[MacOSXOpenGLView lockFocus]+0x6e
C  [AppKit+0x1a8797]  -[NSView _recursiveDisplayRectIfNeededIgnoringOpacity:isVisibleRect:rectIsVisibleRectForView:topView:]+0x6e2
C  [AppKit+0x1a9785]  -[NSView _recursiveDisplayRectIfNeededIgnoringOpacity:isVisibleRect:rectIsVisibleRectForView:topView:]+0x16d0
C  [AppKit+0x1a7be0]  -[NSThemeFrame _recursiveDisplayRectIfNeededIgnoringOpacity:isVisibleRect:rectIsVisibleRectForView:topView:]+0x14e
C  [AppKit+0x1a5feb]  -[NSView _displayRectIgnoringOpacity:isVisibleRect:rectIsVisibleRectForView:]+0x991
C  [AppKit+0x1a13f5]  -[NSView displayIfNeeded]+0x79e
C  [AppKit+0x1a0c3c]  -[NSWindow displayIfNeeded]+0xe8
C  [AppKit+0x82541b]  ___NSWindowGetDisplayCycleObserver_block_invoke6365+0x1dc
C  [AppKit+0x1a05d6]  __37+[NSDisplayCycle currentDisplayCycle]_block_invoke+0x3ad
C  [QuartzCore+0x10f71]  CA::Transaction::run_commit_handlers(CATransactionPhase)+0x55
C  [QuartzCore+0x1042c]  CA::Context::commit_transaction(CA::Transaction*)+0xa0
C  [QuartzCore+0x100ec]  CA::Transaction::commit()+0x1fc
C  [QuartzCore+0x1b977]  CA::Transaction::observer_callback(__CFRunLoopObserver*, unsigned long, void*)+0x47
C  [CoreFoundation+0xaa067]  __CFRUNLOOP_IS_CALLING_OUT_TO_AN_OBSERVER_CALLBACK_FUNCTION__+0x17
C  [CoreFoundation+0xa9fd7]  __CFRunLoopDoObservers+0x187
C  [CoreFoundation+0x88ef8]  CFRunLoopRunSpecific+0x148
C  [HIToolbox+0x30935]  RunCurrentEventLoopInMode+0xeb
C  [HIToolbox+0x30677]  ReceiveNextEventCommon+0xb8
C  [HIToolbox+0x305af]  _BlockUntilNextEventMatchingListInModeWithFilter+0x47
C  [AppKit+0x48df6]  _DPSNextEvent+0x42b
C  [AppKit+0x48226]  -[NSApplication _nextEventMatchingEventMask:untilDate:inMode:dequeue:]+0x1c6
C  [libosxapp.dylib+0x1f3d]  -[NSApplicationAWT nextEventMatchingMask:untilDate:inMode:dequeue:]+0x7a
C  [AppKit+0x3cd80]  -[NSApplication run]+0x2aa
C  [libosxapp.dylib+0x1d3a]  +[NSApplicationAWT runAWTLoopWithApp:]+0x9d
C  [libawt_lwawt.dylib+0x3a544]  +[AWTStarter starter:headless:]+0x342
C  [JavaNativeFoundation+0x65f5]  +[JNFRunLoop _performCopiedBlock:]+0x14
C  [Foundation+0x76fde]  __NSThreadPerformPerform+0x117
C  [CoreFoundation+0xaa881]  __CFRUNLOOP_IS_CALLING_OUT_TO_A_SOURCE0_PERFORM_FUNCTION__+0x11
C  [CoreFoundation+0x89fbc]  __CFRunLoopDoSources0+0x22c
C  [CoreFoundation+0x894df]  __CFRunLoopRun+0x39f
C  [CoreFoundation+0x88ed8]  CFRunLoopRunSpecific+0x128
C  [java+0x6b2e]  CreateExecutionEnvironment+0x35c
C  [java+0x2c65]  JLI_Launch+0x5a9
C  [java+0x1b62]  main+0x186
C  [java+0x19d4]  start+0x34
C  0x0000000000000006


siginfo: si_signo: 4 (SIGILL), si_code: 1 (ILL_ILLOPC), si_addr: 0x00007fff8c579e50

Register to memory mapping:

RAX=0x0000000000000000 is an unknown value
RBX=0x00007f9eba4af9e0 is an unknown value
RCX=0x0000000000000000 is an unknown value
RDX=0x00007fff776fdc30: _ZZL14_objc_crashlogPKcE13crashlog_lock+0x20 in /usr/lib/libobjc.A.dylib at 0x00007fff8c564000
RSP=0x00007fff5e9ed6b8 is pointing into the stack for thread: 0x00007f9eba9fb800
RBP=0x00007fff5e9ed7a0 is pointing into the stack for thread: 0x00007f9eba9fb800
RSI=0x0000010000000100 is an unknown value
RDI=0x00007fff776fdc10: _ZZL14_objc_crashlogPKcE13crashlog_lock+0 in /usr/lib/libobjc.A.dylib at 0x00007fff8c564000
R8 =0x00000000fffffffc is an unknown value
R9 =0x00007fff776fdc28: _ZZL14_objc_crashlogPKcE13crashlog_lock+0x18 in /usr/lib/libobjc.A.dylib at 0x00007fff8c564000
R10=0x00000000ffffffff is an unknown value
R11=0x00007f9ebc121bf0 is an unknown value
R12=0x0000000000000001 is an unknown value
R13=0x0000000000000000 is an unknown value
R14=0x00007fff77702fa8: _ZN12_GLOBAL__N_1L12SideTableBufE+0x1128 in /usr/lib/libobjc.A.dylib at 0x00007fff8c564000
R15=0x00007f9eba704a28 is an unknown value


Registers:
RAX=0x0000000000000000, RBX=0x00007f9eba4af9e0, RCX=0x0000000000000000, RDX=0x00007fff776fdc30
RSP=0x00007fff5e9ed6b8, RBP=0x00007fff5e9ed7a0, RSI=0x0000010000000100, RDI=0x00007fff776fdc10
R8 =0x00000000fffffffc, R9 =0x00007fff776fdc28, R10=0x00000000ffffffff, R11=0x00007f9ebc121bf0
R12=0x0000000000000001, R13=0x0000000000000000, R14=0x00007fff77702fa8, R15=0x00007f9eba704a28
RIP=0x00007fff8c579e50, EFLAGS=0x0000000000010202, ERR=0x0000000000000000
  TRAPNO=0x0000000000000006

Top of Stack: (sp=0x00007fff5e9ed6b8)
0x00007fff5e9ed6b8:   00007fff8c579f90 00007f9eba5b4a80
0x00007fff5e9ed6c8:   00007f9eba4af9e0 00007fff89d4bd9c
0x00007fff5e9ed6d8:   00007fff89d4bd9c 000000000000005f
0x00007fff5e9ed6e8:   00007f9eba4af9e0 00007fff5e9ed720
0x00007fff5e9ed6f8:   00007fff8c56cedf 00007fff5e9ed760
0x00007fff5e9ed708:   00007fff8c56fe15 00007fff77702f90
0x00007fff5e9ed718:   0000000000000001 00007fff5e9ed780
0x00007fff5e9ed728:   00007f9eba704a28 00007fff5e9ed760
0x00007fff5e9ed738:   00007fff89d4bd9c 00007fff89d4bd9c
0x00007fff5e9ed748:   0000000000000000 00007fff77214a38
0x00007fff5e9ed758:   00007f9eba704a28 00007fff5e9ed7a0
0x00007fff5e9ed768:   00007fff8c56fd80 00007f9ebc12a2f0
0x00007fff5e9ed778:   00007f9ebc13a610 0000003000000018
0x00007fff5e9ed788:   00007fff5e9ed7b0 00007fff5e9ed6c0
0x00007fff5e9ed798:   00007f9eba704a28 00007fff5e9ed800
0x00007fff5e9ed7a8:   00007fff8c570bd7 00007fff77701e80
0x00007fff5e9ed7b8:   00007fff77703180 00007fff5e9ed840
0x00007fff5e9ed7c8:   00007fff8c5709ee 00007fff5e9ed7f0
0x00007fff5e9ed7d8:   00007fff77701e80 00007f9eba704a28
0x00007fff5e9ed7e8:   0000000000000000 00007fff77702f80
0x00007fff5e9ed7f8:   0000000000000000 00007fff5e9ed880
0x00007fff5e9ed808:   00007fff8c570966 ffff806145b20280
0x00007fff5e9ed818:   00007f9eba7048a0 0000000000001100
0x00007fff5e9ed828:   0000000000000000 0000000000000000
0x00007fff5e9ed838:   0000000000000000 00007f9eba4af9e0
0x00007fff5e9ed848:   0000000000000022 000000000000000b
0x00007fff5e9ed858:   00007f9eba4dfd80 0000000000000000
0x00007fff5e9ed868:   00007f9eba4ba0b0 00007f9eba7048a0
0x00007fff5e9ed878:   00007f9eba4af9e0 00007fff5e9ed8c0
0x00007fff5e9ed888:   00007fff974a0973 00007f9eba4dfd80
0x00007fff5e9ed898:   0000000000000000 00007f9eba4af9e0
0x00007fff5e9ed8a8:   00007fff8c5654c0 00007f9eba4dfd80 

Instructions: (pc=0x00007fff8c579e50)
0x00007fff8c579e30:   df e8 62 d8 00 00 bf 02 00 00 00 48 89 de 48 89
0x00007fff8c579e40:   c2 e8 b2 d8 00 00 48 81 c4 98 00 00 00 5b 5d c3
0x00007fff8c579e50:   0f 0b 55 48 89 e5 48 81 ec d0 00 00 00 84 c0 74
0x00007fff8c579e60:   26 0f 29 85 60 ff ff ff 0f 29 8d 70 ff ff ff 0f 


---------------  P R O C E S S  ---------------

Java Threads: ( => current thread )
  0x00007f9ebab23000 JavaThread "AWT-Shutdown" [_thread_blocked, id=42715, stack(0x0000700000c3b000,0x0000700000d3b000)]
  0x00007f9ebb2a6000 JavaThread "Java2D Disposer" daemon [_thread_blocked, id=55811, stack(0x00007000016e2000,0x00007000017e2000)]
=>0x00007f9eba9fb800 JavaThread "AppKit Thread" daemon [_thread_in_native, id=2571, stack(0x00007fff5e1f2000,0x00007fff5e9f2000)]
  0x00007f9ebb121000 JavaThread "Service Thread" daemon [_thread_blocked, id=22275, stack(0x0000700001250000,0x0000700001350000)]
  0x00007f9ebb0c2000 JavaThread "Common-Cleaner" daemon [_thread_blocked, id=21763, stack(0x000070000114d000,0x000070000124d000)]
  0x00007f9eba884000 JavaThread "Sweeper thread" daemon [_thread_blocked, id=21251, stack(0x000070000104a000,0x000070000114a000)]
  0x00007f9eba883000 JavaThread "C1 CompilerThread1" daemon [_thread_blocked, id=20739, stack(0x0000700000f47000,0x0000700001047000)]
  0x00007f9ebb061000 JavaThread "C2 CompilerThread0" daemon [_thread_blocked, id=20227, stack(0x0000700000e44000,0x0000700000f44000)]
  0x00007f9eba882000 JavaThread "Signal Dispatcher" daemon [_thread_blocked, id=17171, stack(0x0000700000d41000,0x0000700000e41000)]
  0x00007f9ebb009800 JavaThread "Finalizer" daemon [_thread_blocked, id=15363, stack(0x0000700000b38000,0x0000700000c38000)]
  0x00007f9eba849800 JavaThread "Reference Handler" daemon [_thread_blocked, id=14851, stack(0x0000700000a35000,0x0000700000b35000)]
  0x00007f9ebb007000 JavaThread "main" [_thread_in_native, id=6147, stack(0x000070000011a000,0x000070000021a000)]

Other Threads:
  0x00007f9eba879800 VMThread "VM Thread" [stack: 0x0000700000932000,0x0000700000a32000] [id=14339]
  0x00007f9eba8dd000 WatcherThread [stack: 0x0000700001353000,0x0000700001453000] [id=22787]
  0x00007f9ebb017800 GCTaskThread "GC Thread#0" [stack: 0x000070000021d000,0x000070000031d000] [id=10243]
  0x00007f9eba808800 GCTaskThread "GC Thread#1" [stack: 0x0000700000320000,0x0000700000420000] [id=10755]
  0x00007f9eba823000 ConcurrentGCThread "G1 Main Marker" [stack: 0x000070000072c000,0x000070000082c000] [id=12803]
  0x00007f9ebb019800 ConcurrentGCThread "G1 Marker#0" [stack: 0x000070000082f000,0x000070000092f000] [id=13827]
  0x00007f9eba810000 ConcurrentGCThread "G1 Refine#0" [stack: 0x0000700000526000,0x0000700000626000] [id=11779]
  0x00007f9ebb018000 ConcurrentGCThread "G1 Refine#1" [stack: 0x0000700000423000,0x0000700000523000] [id=11267]
  0x00007f9ebb018800 ConcurrentGCThread "G1 Young RemSet Sampling" [stack: 0x0000700000629000,0x0000700000729000] [id=12291]

Threads with active compile tasks:

VM state:not at safepoint (normal execution)

VM Mutex/Monitor currently owned by a thread: None

Heap address: 0x0000000780000000, size: 1024 MB, Compressed Oops mode: Zero based, Oop shift amount: 3
Narrow klass base: 0x0000000000000000, Narrow klass shift: 3
Compressed class space size: 1073741824 Address: 0x00000007c0000000

Heap:
 garbage-first heap   total 80896K, used 38090K [0x0000000780000000, 0x0000000780100278, 0x00000007c0000000)
  region size 1024K, 30 young (30720K), 3 survivors (3072K)
 Metaspace       used 11048K, capacity 11413K, committed 11648K, reserved 1060864K
  class space    used 951K, capacity 1048K, committed 1152K, reserved 1048576K
Heap Regions: E=young(eden), S=young(survivor), O=old, HS=humongous(starts), HC=humongous(continues), CS=collection set, F=free, A=archive, TS=gc time stamp, AC=allocation context, TAMS=top-at-mark-start (previous, next)
|   0|0x0000000780000000, 0x0000000780100000, 0x0000000780100000|100%| O|  |TS  1|AC  0|TAMS 0x0000000780000000, 0x0000000780000000|
|   1|0x0000000780100000, 0x0000000780200000, 0x0000000780200000|100%| O|  |TS  3|AC  0|TAMS 0x0000000780100000, 0x0000000780100000|
|   2|0x0000000780200000, 0x0000000780300000, 0x0000000780300000|100%|HS|  |TS  3|AC  0|TAMS 0x0000000780200000, 0x0000000780200000|
|   3|0x0000000780300000, 0x0000000780400000, 0x0000000780400000|100%| O|  |TS 13|AC  0|TAMS 0x0000000780300000, 0x0000000780300000|
|   4|0x0000000780400000, 0x0000000780500000, 0x0000000780500000|100%| O|  |TS 15|AC  0|TAMS 0x0000000780400000, 0x0000000780400000|
|   5|0x0000000780500000, 0x0000000780600000, 0x0000000780600000|100%|HS|  |TS  5|AC  0|TAMS 0x0000000780500000, 0x0000000780500000|
|   6|0x0000000780600000, 0x0000000780700000, 0x0000000780700000|100%| O|  |TS 15|AC  0|TAMS 0x0000000780600000, 0x0000000780600000|
|   7|0x0000000780700000, 0x00000007807b8600, 0x0000000780800000| 72%| O|  |TS 23|AC  0|TAMS 0x0000000780700000, 0x0000000780700000|
|   8|0x0000000780800000, 0x0000000780900000, 0x0000000780900000|100%| O|  |TS 13|AC  0|TAMS 0x0000000780800000, 0x0000000780800000|
|   9|0x0000000780900000, 0x0000000780900000, 0x0000000780a00000|  0%| F|  |TS 17|AC  0|TAMS 0x0000000780900000, 0x0000000780900000|
|  10|0x0000000780a00000, 0x0000000780a00000, 0x0000000780b00000|  0%| F|  |TS  0|AC  0|TAMS 0x0000000780a00000, 0x0000000780a00000|
|  11|0x0000000780b00000, 0x0000000780b00000, 0x0000000780c00000|  0%| F|  |TS  0|AC  0|TAMS 0x0000000780b00000, 0x0000000780b00000|
|  12|0x0000000780c00000, 0x0000000780c00000, 0x0000000780d00000|  0%| F|  |TS  0|AC  0|TAMS 0x0000000780c00000, 0x0000000780c00000|
|  13|0x0000000780d00000, 0x0000000780d00000, 0x0000000780e00000|  0%| F|  |TS  0|AC  0|TAMS 0x0000000780d00000, 0x0000000780d00000|
|  14|0x0000000780e00000, 0x0000000780e00000, 0x0000000780f00000|  0%| F|  |TS  0|AC  0|TAMS 0x0000000780e00000, 0x0000000780e00000|
|  15|0x0000000780f00000, 0x0000000780f00000, 0x0000000781000000|  0%| F|  |TS  0|AC  0|TAMS 0x0000000780f00000, 0x0000000780f00000|
|  16|0x0000000781000000, 0x0000000781000000, 0x0000000781100000|  0%| F|  |TS  0|AC  0|TAMS 0x0000000781000000, 0x0000000781000000|
|  17|0x0000000781100000, 0x0000000781100000, 0x0000000781200000|  0%| F|  |TS  0|AC  0|TAMS 0x0000000781100000, 0x0000000781100000|
|  18|0x0000000781200000, 0x0000000781200000, 0x0000000781300000|  0%| F|  |TS  0|AC  0|TAMS 0x0000000781200000, 0x0000000781200000|
|  19|0x0000000781300000, 0x0000000781300000, 0x0000000781400000|  0%| F|  |TS  0|AC  0|TAMS 0x0000000781300000, 0x0000000781300000|
|  20|0x0000000781400000, 0x0000000781400000, 0x0000000781500000|  0%| F|  |TS  0|AC  0|TAMS 0x0000000781400000, 0x0000000781400000|
|  21|0x0000000781500000, 0x0000000781500000, 0x0000000781600000|  0%| F|  |TS  0|AC  0|TAMS 0x0000000781500000, 0x0000000781500000|
|  22|0x0000000781600000, 0x0000000781600000, 0x0000000781700000|  0%| F|  |TS  0|AC  0|TAMS 0x0000000781600000, 0x0000000781600000|
|  23|0x0000000781700000, 0x0000000781700000, 0x0000000781800000|  0%| F|  |TS  0|AC  0|TAMS 0x0000000781700000, 0x0000000781700000|
|  24|0x0000000781800000, 0x0000000781800000, 0x0000000781900000|  0%| F|  |TS  0|AC  0|TAMS 0x0000000781800000, 0x0000000781800000|
|  25|0x0000000781900000, 0x0000000781900000, 0x0000000781a00000|  0%| F|  |TS  0|AC  0|TAMS 0x0000000781900000, 0x0000000781900000|
|  26|0x0000000781a00000, 0x0000000781a00000, 0x0000000781b00000|  0%| F|  |TS 19|AC  0|TAMS 0x0000000781a00000, 0x0000000781a00000|
|  27|0x0000000781b00000, 0x0000000781b00000, 0x0000000781c00000|  0%| F|  |TS 19|AC  0|TAMS 0x0000000781b00000, 0x0000000781b00000|
|  28|0x0000000781c00000, 0x0000000781c00000, 0x0000000781d00000|  0%| F|  |TS 17|AC  0|TAMS 0x0000000781c00000, 0x0000000781c00000|
|  29|0x0000000781d00000, 0x0000000781d7a390, 0x0000000781e00000| 47%| S|CS|TS 23|AC  0|TAMS 0x0000000781d00000, 0x0000000781d00000|
|  30|0x0000000781e00000, 0x0000000781f00000, 0x0000000781f00000|100%| S|CS|TS 23|AC  0|TAMS 0x0000000781e00000, 0x0000000781e00000|
|  31|0x0000000781f00000, 0x0000000781f00000, 0x0000000782000000|  0%| F|  |TS 23|AC  0|TAMS 0x0000000781f00000, 0x0000000781f00000|
|  32|0x0000000782000000, 0x0000000782000000, 0x0000000782100000|  0%| F|  |TS 23|AC  0|TAMS 0x0000000782000000, 0x0000000782000000|
|  33|0x0000000782100000, 0x0000000782100000, 0x0000000782200000|  0%| F|  |TS 23|AC  0|TAMS 0x0000000782100000, 0x0000000782100000|
|  34|0x0000000782200000, 0x0000000782300000, 0x0000000782300000|100%| S|CS|TS 23|AC  0|TAMS 0x0000000782200000, 0x0000000782200000|
|  35|0x0000000782300000, 0x0000000782300000, 0x0000000782400000|  0%| F|  |TS 23|AC  0|TAMS 0x0000000782300000, 0x0000000782300000|
|  36|0x0000000782400000, 0x0000000782400000, 0x0000000782500000|  0%| F|  |TS 23|AC  0|TAMS 0x0000000782400000, 0x0000000782400000|
|  37|0x0000000782500000, 0x0000000782500000, 0x0000000782600000|  0%| F|  |TS 23|AC  0|TAMS 0x0000000782500000, 0x0000000782500000|
|  38|0x0000000782600000, 0x0000000782600000, 0x0000000782700000|  0%| F|  |TS 23|AC  0|TAMS 0x0000000782600000, 0x0000000782600000|
|  39|0x0000000782700000, 0x0000000782700000, 0x0000000782800000|  0%| F|  |TS 23|AC  0|TAMS 0x0000000782700000, 0x0000000782700000|
|  40|0x0000000782800000, 0x0000000782800000, 0x0000000782900000|  0%| F|  |TS 23|AC  0|TAMS 0x0000000782800000, 0x0000000782800000|
|  41|0x0000000782900000, 0x0000000782900000, 0x0000000782a00000|  0%| F|  |TS 23|AC  0|TAMS 0x0000000782900000, 0x0000000782900000|
|  42|0x0000000782a00000, 0x0000000782a00000, 0x0000000782b00000|  0%| F|  |TS 23|AC  0|TAMS 0x0000000782a00000, 0x0000000782a00000|
|  43|0x0000000782b00000, 0x0000000782b00000, 0x0000000782c00000|  0%| F|  |TS 23|AC  0|TAMS 0x0000000782b00000, 0x0000000782b00000|
|  44|0x0000000782c00000, 0x0000000782c00000, 0x0000000782d00000|  0%| F|  |TS 23|AC  0|TAMS 0x0000000782c00000, 0x0000000782c00000|
|  45|0x0000000782d00000, 0x0000000782d00000, 0x0000000782e00000|  0%| F|  |TS 23|AC  0|TAMS 0x0000000782d00000, 0x0000000782d00000|
|  46|0x0000000782e00000, 0x0000000782e00000, 0x0000000782f00000|  0%| F|  |TS 23|AC  0|TAMS 0x0000000782e00000, 0x0000000782e00000|
|  47|0x0000000782f00000, 0x0000000782f00000, 0x0000000783000000|  0%| F|  |TS 23|AC  0|TAMS 0x0000000782f00000, 0x0000000782f00000|
|  48|0x0000000783000000, 0x0000000783000000, 0x0000000783100000|  0%| F|  |TS 23|AC  0|TAMS 0x0000000783000000, 0x0000000783000000|
|  49|0x0000000783100000, 0x0000000783100000, 0x0000000783200000|  0%| F|  |TS 23|AC  0|TAMS 0x0000000783100000, 0x0000000783100000|
|  50|0x0000000783200000, 0x0000000783200000, 0x0000000783300000|  0%| F|  |TS 23|AC  0|TAMS 0x0000000783200000, 0x0000000783200000|
|  51|0x0000000783300000, 0x0000000783300000, 0x0000000783400000|  0%| F|  |TS 23|AC  0|TAMS 0x0000000783300000, 0x0000000783300000|
|  52|0x0000000783400000, 0x0000000783500000, 0x0000000783500000|100%| E|  |TS 23|AC  0|TAMS 0x0000000783400000, 0x0000000783400000|
|  53|0x0000000783500000, 0x0000000783600000, 0x0000000783600000|100%| E|CS|TS 23|AC  0|TAMS 0x0000000783500000, 0x0000000783500000|
|  54|0x0000000783600000, 0x0000000783700000, 0x0000000783700000|100%| E|CS|TS 23|AC  0|TAMS 0x0000000783600000, 0x0000000783600000|
|  55|0x0000000783700000, 0x0000000783800000, 0x0000000783800000|100%| E|CS|TS 23|AC  0|TAMS 0x0000000783700000, 0x0000000783700000|
|  56|0x0000000783800000, 0x0000000783900000, 0x0000000783900000|100%| E|CS|TS 23|AC  0|TAMS 0x0000000783800000, 0x0000000783800000|
|  57|0x0000000783900000, 0x0000000783a00000, 0x0000000783a00000|100%| E|CS|TS 23|AC  0|TAMS 0x0000000783900000, 0x0000000783900000|
|  58|0x0000000783a00000, 0x0000000783b00000, 0x0000000783b00000|100%| E|CS|TS 23|AC  0|TAMS 0x0000000783a00000, 0x0000000783a00000|
|  59|0x0000000783b00000, 0x0000000783c00000, 0x0000000783c00000|100%| E|CS|TS 23|AC  0|TAMS 0x0000000783b00000, 0x0000000783b00000|
|  60|0x0000000783c00000, 0x0000000783d00000, 0x0000000783d00000|100%| E|CS|TS 23|AC  0|TAMS 0x0000000783c00000, 0x0000000783c00000|
|  61|0x0000000783d00000, 0x0000000783e00000, 0x0000000783e00000|100%| E|CS|TS 23|AC  0|TAMS 0x0000000783d00000, 0x0000000783d00000|
|  62|0x0000000783e00000, 0x0000000783f00000, 0x0000000783f00000|100%| E|CS|TS 23|AC  0|TAMS 0x0000000783e00000, 0x0000000783e00000|
|  63|0x0000000783f00000, 0x0000000784000000, 0x0000000784000000|100%| E|CS|TS 23|AC  0|TAMS 0x0000000783f00000, 0x0000000783f00000|
|  64|0x0000000784000000, 0x0000000784100000, 0x0000000784100000|100%| E|CS|TS 23|AC  0|TAMS 0x0000000784000000, 0x0000000784000000|
|  65|0x0000000784100000, 0x0000000784200000, 0x0000000784200000|100%| E|CS|TS 23|AC  0|TAMS 0x0000000784100000, 0x0000000784100000|
|  66|0x0000000784200000, 0x0000000784300000, 0x0000000784300000|100%| E|CS|TS 23|AC  0|TAMS 0x0000000784200000, 0x0000000784200000|
|  67|0x0000000784300000, 0x0000000784400000, 0x0000000784400000|100%| E|CS|TS 23|AC  0|TAMS 0x0000000784300000, 0x0000000784300000|
|  68|0x0000000784400000, 0x0000000784500000, 0x0000000784500000|100%| E|CS|TS 23|AC  0|TAMS 0x0000000784400000, 0x0000000784400000|
|  69|0x0000000784500000, 0x0000000784600000, 0x0000000784600000|100%| E|CS|TS 23|AC  0|TAMS 0x0000000784500000, 0x0000000784500000|
|  70|0x0000000784600000, 0x0000000784700000, 0x0000000784700000|100%| E|CS|TS 23|AC  0|TAMS 0x0000000784600000, 0x0000000784600000|
|  71|0x0000000784700000, 0x0000000784800000, 0x0000000784800000|100%| E|CS|TS 23|AC  0|TAMS 0x0000000784700000, 0x0000000784700000|
|  72|0x0000000784800000, 0x0000000784900000, 0x0000000784900000|100%| E|CS|TS 23|AC  0|TAMS 0x0000000784800000, 0x0000000784800000|
|  73|0x0000000784900000, 0x0000000784a00000, 0x0000000784a00000|100%| E|CS|TS 23|AC  0|TAMS 0x0000000784900000, 0x0000000784900000|
|  74|0x0000000784a00000, 0x0000000784b00000, 0x0000000784b00000|100%| E|CS|TS 23|AC  0|TAMS 0x0000000784a00000, 0x0000000784a00000|
|  75|0x0000000784b00000, 0x0000000784c00000, 0x0000000784c00000|100%| E|CS|TS 23|AC  0|TAMS 0x0000000784b00000, 0x0000000784b00000|
|  76|0x0000000784c00000, 0x0000000784d00000, 0x0000000784d00000|100%| E|CS|TS 23|AC  0|TAMS 0x0000000784c00000, 0x0000000784c00000|
|  77|0x0000000784d00000, 0x0000000784e00000, 0x0000000784e00000|100%| E|CS|TS 23|AC  0|TAMS 0x0000000784d00000, 0x0000000784d00000|
|  78|0x0000000784e00000, 0x0000000784f00000, 0x0000000784f00000|100%| E|CS|TS 23|AC  0|TAMS 0x0000000784e00000, 0x0000000784e00000|

Card table byte_map: [0x000000011c526000,0x000000011c726000] byte_map_base: 0x0000000118926000

Marking Bits (Prev, Next): (CMBitMap*) 0x00007f9eba822270, (CMBitMap*) 0x00007f9eba8222a8
 Prev Bits: [0x000000011c926000, 0x000000011d926000)
 Next Bits: [0x000000011d926000, 0x000000011e926000)

Polling page: 0x000000010216d000

CodeHeap 'non-profiled nmethods': size=120036Kb used=531Kb max_used=531Kb free=119504Kb
 bounds [0x0000000114817000, 0x0000000114a87000, 0x000000011bd50000]
CodeHeap 'profiled nmethods': size=120032Kb used=2487Kb max_used=2487Kb free=117544Kb
 bounds [0x000000010d2df000, 0x000000010d54f000, 0x0000000114817000]
CodeHeap 'non-nmethods': size=5692Kb used=1286Kb max_used=1304Kb free=4405Kb
 bounds [0x000000010cd50000, 0x000000010cfc0000, 0x000000010d2df000]
 total_blobs=2048 nmethods=1239 adapters=415
 compilation: enabled

Compilation events (10 events):
Event: 53.535 Thread 0x00007f9eba883000 1234       3       java.lang.Short::valueOf (37 bytes)
Event: 53.536 Thread 0x00007f9eba883000 nmethod 1234 0x000000010d54bd90 code [0x000000010d54bf60, 0x000000010d54c2b0]
Event: 53.536 Thread 0x00007f9eba883000 1235       3       java.lang.Short::hashCode (8 bytes)
Event: 53.536 Thread 0x00007f9eba883000 nmethod 1235 0x000000010d54c410 code [0x000000010d54c5c0, 0x000000010d54c770]
Event: 58.756 Thread 0x00007f9ebb061000 1237       4       org.lwjgl.opengl.Sync$RunningAvg::avg (37 bytes)
Event: 58.759 Thread 0x00007f9ebb061000 nmethod 1237 0x000000011489b290 code [0x000000011489b420, 0x000000011489b558]
Event: 61.950 Thread 0x00007f9eba883000 1239       3       org.lwjgl.opengl.Sync$RunningAvg::add (38 bytes)
Event: 61.950 Thread 0x00007f9eba883000 nmethod 1239 0x000000010d54c810 code [0x000000010d54c9c0, 0x000000010d54cb90]
Event: 62.521 Thread 0x00007f9ebb061000 1240       4       java.nio.ByteBuffer::limit (8 bytes)
Event: 62.522 Thread 0x00007f9ebb061000 nmethod 1240 0x000000011489ba10 code [0x000000011489bba0, 0x000000011489bc98]

GC Heap History (10 events):
Event: 7.167 GC heap before
{Heap before GC invocations=7 (full 0):
 garbage-first heap   total 65536K, used 42538K [0x0000000780000000, 0x0000000780100200, 0x00000007c0000000)
  region size 1024K, 35 young (35840K), 3 survivors (3072K)
 Metaspace       used 10882K, capacity 11285K, committed 11392K, reserved 1058816K
  class space    used 949K, capacity 1048K, committed 1152K, reserved 1048576K
}
Event: 7.194 GC heap after
{Heap after GC invocations=8 (full 0):
 garbage-first heap   total 65536K, used 11188K [0x0000000780000000, 0x0000000780100200, 0x00000007c0000000)
  region size 1024K, 3 young (3072K), 3 survivors (3072K)
 Metaspace       used 10882K, capacity 11285K, committed 11392K, reserved 1058816K
  class space    used 949K, capacity 1048K, committed 1152K, reserved 1048576K
}
Event: 14.099 GC heap before
{Heap before GC invocations=8 (full 0):
 garbage-first heap   total 65536K, used 44980K [0x0000000780000000, 0x0000000780100200, 0x00000007c0000000)
  region size 1024K, 35 young (35840K), 3 survivors (3072K)
 Metaspace       used 10978K, capacity 11349K, committed 11648K, reserved 1060864K
  class space    used 951K, capacity 1048K, committed 1152K, reserved 1048576K
}
Event: 14.118 GC heap after
{Heap after GC invocations=9 (full 0):
 garbage-first heap   total 80896K, used 11599K [0x0000000780000000, 0x0000000780100278, 0x00000007c0000000)
  region size 1024K, 3 young (3072K), 3 survivors (3072K)
 Metaspace       used 10978K, capacity 11349K, committed 11648K, reserved 1060864K
  class space    used 951K, capacity 1048K, committed 1152K, reserved 1048576K
}
Event: 26.080 GC heap before
{Heap before GC invocations=9 (full 0):
 garbage-first heap   total 80896K, used 49487K [0x0000000780000000, 0x0000000780100278, 0x00000007c0000000)
  region size 1024K, 40 young (40960K), 3 survivors (3072K)
 Metaspace       used 10994K, capacity 11349K, committed 11648K, reserved 1060864K
  class space    used 951K, capacity 1048K, committed 1152K, reserved 1048576K
}
Event: 26.097 GC heap after
{Heap after GC invocations=10 (full 0):
 garbage-first heap   total 80896K, used 11450K [0x0000000780000000, 0x0000000780100278, 0x00000007c0000000)
  region size 1024K, 3 young (3072K), 3 survivors (3072K)
 Metaspace       used 10994K, capacity 11349K, committed 11648K, reserved 1060864K
  class space    used 951K, capacity 1048K, committed 1152K, reserved 1048576K
}
Event: 39.808 GC heap before
{Heap before GC invocations=10 (full 0):
 garbage-first heap   total 80896K, used 54458K [0x0000000780000000, 0x0000000780100278, 0x00000007c0000000)
  region size 1024K, 45 young (46080K), 3 survivors (3072K)
 Metaspace       used 11038K, capacity 11413K, committed 11648K, reserved 1060864K
  class space    used 951K, capacity 1048K, committed 1152K, reserved 1048576K
}
Event: 39.825 GC heap after
{Heap after GC invocations=11 (full 0):
 garbage-first heap   total 80896K, used 11705K [0x0000000780000000, 0x0000000780100278, 0x00000007c0000000)
  region size 1024K, 3 young (3072K), 3 survivors (3072K)
 Metaspace       used 11038K, capacity 11413K, committed 11648K, reserved 1060864K
  class space    used 951K, capacity 1048K, committed 1152K, reserved 1048576K
}
Event: 54.035 GC heap before
{Heap before GC invocations=11 (full 0):
 garbage-first heap   total 80896K, used 56761K [0x0000000780000000, 0x0000000780100278, 0x00000007c0000000)
  region size 1024K, 47 young (48128K), 3 survivors (3072K)
 Metaspace       used 11045K, capacity 11413K, committed 11648K, reserved 1060864K
  class space    used 951K, capacity 1048K, committed 1152K, reserved 1048576K
}
Event: 54.053 GC heap after
{Heap after GC invocations=12 (full 0):
 garbage-first heap   total 80896K, used 11466K [0x0000000780000000, 0x0000000780100278, 0x00000007c0000000)
  region size 1024K, 3 young (3072K), 3 survivors (3072K)
 Metaspace       used 11045K, capacity 11413K, committed 11648K, reserved 1060864K
  class space    used 951K, capacity 1048K, committed 1152K, reserved 1048576K
}

Deoptimization events (2 events):
Event: 5.342 Thread 0x00007f9ebb007000 Uncommon trap: reason=unstable_if action=reinterpret pc=0x0000000114829344 method=java.lang.String.equals(Ljava/lang/Object;)Z @ 27 c2
Event: 6.766 Thread 0x00007f9ebb007000 Uncommon trap: reason=predicate action=maybe_recompile pc=0x00000001148646c4 method=java.util.AbstractCollection.toArray([Ljava/lang/Object;)[Ljava/lang/Object; @ 46 c2

Classes redefined (0 events):
No events

Internal exceptions (10 events):
Event: 0.523 Thread 0x00007f9ebb007000 Exception <a 'java/lang/NoSuchMethodError'{0x0000000783c631a0}: method resolution failed> (0x0000000783c631a0) thrown at [/scratch/mesos/slaves/450fa0f5-8733-43f8-b866-79fe3e86d200-S756/frameworks/1735e8a2-a1db-478c-8104-60c8b0af87dd-0196/executors/132405
Event: 0.527 Thread 0x00007f9ebb007000 Exception <a 'java/lang/NoSuchMethodError'{0x0000000783c77c58}: method resolution failed> (0x0000000783c77c58) thrown at [/scratch/mesos/slaves/450fa0f5-8733-43f8-b866-79fe3e86d200-S756/frameworks/1735e8a2-a1db-478c-8104-60c8b0af87dd-0196/executors/132405
Event: 0.530 Thread 0x00007f9ebb007000 Exception <a 'java/lang/NoSuchMethodError'{0x0000000783c8cd78}: method resolution failed> (0x0000000783c8cd78) thrown at [/scratch/mesos/slaves/450fa0f5-8733-43f8-b866-79fe3e86d200-S756/frameworks/1735e8a2-a1db-478c-8104-60c8b0af87dd-0196/executors/132405
Event: 0.539 Thread 0x00007f9ebb007000 Exception <a 'java/lang/NoSuchMethodError'{0x0000000783ca3d68}: method resolution failed> (0x0000000783ca3d68) thrown at [/scratch/mesos/slaves/450fa0f5-8733-43f8-b866-79fe3e86d200-S756/frameworks/1735e8a2-a1db-478c-8104-60c8b0af87dd-0196/executors/132405
Event: 0.541 Thread 0x00007f9ebb007000 Exception <a 'java/lang/NoSuchMethodError'{0x0000000783cbc5d0}: method resolution failed> (0x0000000783cbc5d0) thrown at [/scratch/mesos/slaves/450fa0f5-8733-43f8-b866-79fe3e86d200-S756/frameworks/1735e8a2-a1db-478c-8104-60c8b0af87dd-0196/executors/132405
Event: 0.543 Thread 0x00007f9ebb007000 Exception <a 'java/io/FileNotFoundException'{0x0000000783cc5c88}> (0x0000000783cc5c88) thrown at [/scratch/mesos/slaves/450fa0f5-8733-43f8-b866-79fe3e86d200-S756/frameworks/1735e8a2-a1db-478c-8104-60c8b0af87dd-0196/executors/132405fd-871a-46c3-bcb1-9693a1
Event: 0.551 Thread 0x00007f9ebb007000 Exception <a 'java/lang/ClassNotFoundException'{0x0000000783cca568}: sun/awt/resources/spi/awtosxProvider> (0x0000000783cca568) thrown at [/scratch/mesos/slaves/450fa0f5-8733-43f8-b866-79fe3e86d200-S756/frameworks/1735e8a2-a1db-478c-8104-60c8b0af87dd-0196
Event: 0.652 Thread 0x00007f9ebb007000 Exception <a 'java/lang/NoSuchMethodError'{0x0000000783b18168}: java.lang.invoke.DirectMethodHandle$Holder.invokeStatic(Ljava/lang/Object;Ljava/lang/Object;Ljava/lang/Object;Ljava/lang/Object;Ljava/lang/Object;Ljava/lang/Object;Ljava/lang/Object;Ljava/lan
Event: 0.654 Thread 0x00007f9ebb007000 Exception <a 'java/lang/NoSuchMethodError'{0x0000000783b32a28}: java.lang.invoke.DirectMethodHandle$Holder.invokeStatic(Ljava/lang/Object;Ljava/lang/Object;Ljava/lang/Object;Ljava/lang/Object;Ljava/lang/Object;Ljava/lang/Object;Ljava/lang/Object;Ljava/lan
Event: 2.399 Thread 0x00007f9ebb007000 Exception <a 'java/lang/UnsatisfiedLinkError'{0x0000000783b42df0}> (0x0000000783b42df0) thrown at [/scratch/mesos/slaves/450fa0f5-8733-43f8-b866-79fe3e86d200-S756/frameworks/1735e8a2-a1db-478c-8104-60c8b0af87dd-0196/executors/132405fd-871a-46c3-bcb1-9693a

Events (10 events):
Event: 54.786 Thread 0x00007f9ebb058000 Thread exited: 0x00007f9ebb058000
Event: 55.117 Thread 0x00007f9ebab23000 Thread added: 0x00007f9ebab23000
Event: 59.086 Executing VM operation: RevokeBias
Event: 59.086 Executing VM operation: RevokeBias done
Event: 59.086 Thread 0x00007f9ebab23000 Thread exited: 0x00007f9ebab23000
Event: 59.336 Thread 0x00007f9ebb058000 Thread added: 0x00007f9ebb058000
Event: 60.508 Executing VM operation: RevokeBias
Event: 60.508 Executing VM operation: RevokeBias done
Event: 60.508 Thread 0x00007f9ebb058000 Thread exited: 0x00007f9ebb058000
Event: 61.087 Thread 0x00007f9ebab23000 Thread added: 0x00007f9ebab23000


Dynamic libraries:
0x00007fff93e0f000 	/System/Library/Frameworks/Cocoa.framework/Versions/A/Cocoa
0x00007fff8f651000 	/System/Library/Frameworks/Security.framework/Versions/A/Security
0x00007fff92760000 	/System/Library/Frameworks/ApplicationServices.framework/Versions/A/ApplicationServices
0x00007fff96cfb000 	/usr/lib/libz.1.dylib
0x00007fff983b8000 	/usr/lib/libSystem.B.dylib
0x00007fff87382000 	/System/Library/Frameworks/CoreFoundation.framework/Versions/A/CoreFoundation
0x00007fff97487000 	/System/Library/Frameworks/Foundation.framework/Versions/C/Foundation
0x00007fff8c564000 	/usr/lib/libobjc.A.dylib
0x00007fff891b2000 	/System/Library/Frameworks/AppKit.framework/Versions/C/AppKit
0x00007fff94aee000 	/System/Library/Frameworks/CoreData.framework/Versions/A/CoreData
0x00007fff946e2000 	/System/Library/PrivateFrameworks/RemoteViewServices.framework/Versions/A/RemoteViewServices
0x00007fff9a40a000 	/System/Library/PrivateFrameworks/UIFoundation.framework/Versions/A/UIFoundation
0x00007fff9b8ad000 	/usr/lib/libScreenReader.dylib
0x00007fff958cd000 	/System/Library/Frameworks/Accelerate.framework/Versions/A/Accelerate
0x00007fff9528c000 	/System/Library/Frameworks/IOSurface.framework/Versions/A/IOSurface
0x00007fff86d23000 	/System/Library/Frameworks/AudioToolbox.framework/Versions/A/AudioToolbox
0x00007fff8f46d000 	/System/Library/Frameworks/AudioUnit.framework/Versions/A/AudioUnit
0x00007fff988d8000 	/System/Library/PrivateFrameworks/DataDetectorsCore.framework/Versions/A/DataDetectorsCore
0x00007fff868e4000 	/System/Library/PrivateFrameworks/DesktopServicesPriv.framework/Versions/A/DesktopServicesPriv
0x00007fff94edc000 	/System/Library/Frameworks/Carbon.framework/Versions/A/Frameworks/HIToolbox.framework/Versions/A/HIToolbox
0x00007fff92473000 	/System/Library/Frameworks/QuartzCore.framework/Versions/A/QuartzCore
0x00007fff9ab1d000 	/System/Library/Frameworks/Carbon.framework/Versions/A/Frameworks/SpeechRecognition.framework/Versions/A/SpeechRecognition
0x00007fff9471b000 	/usr/lib/libauto.dylib
0x00007fff86a03000 	/usr/lib/libicucore.A.dylib
0x00007fff8d4da000 	/usr/lib/libxml2.2.dylib
0x00007fff9a886000 	/System/Library/PrivateFrameworks/CoreUI.framework/Versions/A/CoreUI
0x00007fff8c4b0000 	/System/Library/Frameworks/CoreAudio.framework/Versions/A/CoreAudio
0x00007fff989c7000 	/System/Library/Frameworks/DiskArbitration.framework/Versions/A/DiskArbitration
0x00007fff88525000 	/usr/lib/liblangid.dylib
0x00007fff96021000 	/System/Library/PrivateFrameworks/MultitouchSupport.framework/Versions/A/MultitouchSupport
0x00007fff94e66000 	/System/Library/Frameworks/IOKit.framework/Versions/A/IOKit
0x00007fff99ed8000 	/usr/lib/libDiagnosticMessagesClient.dylib
0x00007fff8e285000 	/System/Library/Frameworks/CoreServices.framework/Versions/A/CoreServices
0x00007fff8b913000 	/System/Library/PrivateFrameworks/PerformanceAnalysis.framework/Versions/A/PerformanceAnalysis
0x00007fff9478c000 	/System/Library/PrivateFrameworks/GenerationalStorage.framework/Versions/A/GenerationalStorage
0x00007fff99940000 	/System/Library/Frameworks/OpenGL.framework/Versions/A/OpenGL
0x00007fff9114f000 	/System/Library/PrivateFrameworks/Sharing.framework/Versions/A/Sharing
0x00007fff92b2b000 	/System/Library/Frameworks/CoreGraphics.framework/Versions/A/CoreGraphics
0x00007fff8780f000 	/System/Library/Frameworks/CoreImage.framework/Versions/A/CoreImage
0x00007fff99daa000 	/System/Library/Frameworks/CoreText.framework/Versions/A/CoreText
0x00007fff8cd7c000 	/System/Library/Frameworks/ImageIO.framework/Versions/A/ImageIO
0x00007fff93f69000 	/System/Library/PrivateFrameworks/Backup.framework/Versions/A/Backup
0x00007fff8a3d7000 	/usr/lib/libextension.dylib
0x00007fff884f9000 	/usr/lib/libarchive.2.dylib
0x00007fff88ae3000 	/System/Library/Frameworks/CFNetwork.framework/Versions/A/CFNetwork
0x00007fff8f46e000 	/System/Library/Frameworks/SystemConfiguration.framework/Versions/A/SystemConfiguration
0x00007fff8caae000 	/usr/lib/libCRFSuite.dylib
0x00007fff8715d000 	/usr/lib/libc++.1.dylib
0x00007fff9a9ed000 	/usr/lib/libc++abi.dylib
0x00007fff95f59000 	/usr/lib/system/libcache.dylib
0x00007fff9afb8000 	/usr/lib/system/libcommonCrypto.dylib
0x00007fff911c7000 	/usr/lib/system/libcompiler_rt.dylib
0x00007fff8f570000 	/usr/lib/system/libcopyfile.dylib
0x00007fff8d318000 	/usr/lib/system/libcorecrypto.dylib
0x00007fff9b87f000 	/usr/lib/system/libdispatch.dylib
0x00007fff9c9fc000 	/usr/lib/system/libdyld.dylib
0x00007fff9d243000 	/usr/lib/system/libkeymgr.dylib
0x00007fff9ca44000 	/usr/lib/system/liblaunch.dylib
0x00007fff8d687000 	/usr/lib/system/libmacho.dylib
0x00007fff9ca00000 	/usr/lib/system/libquarantine.dylib
0x00007fff958cb000 	/usr/lib/system/libremovefile.dylib
0x00007fff9aaba000 	/usr/lib/system/libsystem_asl.dylib
0x00007fff9ca63000 	/usr/lib/system/libsystem_blocks.dylib
0x00007fff8d268000 	/usr/lib/system/libsystem_c.dylib
0x00007fff94174000 	/usr/lib/system/libsystem_configuration.dylib
0x00007fff9a812000 	/usr/lib/system/libsystem_coreservices.dylib
0x00007fff9401a000 	/usr/lib/system/libsystem_coretls.dylib
0x00007fff90cc2000 	/usr/lib/system/libsystem_dnssd.dylib
0x00007fff98850000 	/usr/lib/system/libsystem_info.dylib
0x00007fff9283b000 	/usr/lib/system/libsystem_kernel.dylib
0x00007fff963fc000 	/usr/lib/system/libsystem_m.dylib
0x00007fff94e49000 	/usr/lib/system/libsystem_malloc.dylib
0x00007fff88dec000 	/usr/lib/system/libsystem_network.dylib
0x00007fff99744000 	/usr/lib/system/libsystem_networkextension.dylib
0x00007fff94d9a000 	/usr/lib/system/libsystem_notify.dylib
0x00007fff9887c000 	/usr/lib/system/libsystem_platform.dylib
0x00007fff8ba94000 	/usr/lib/system/libsystem_pthread.dylib
0x00007fff97446000 	/usr/lib/system/libsystem_sandbox.dylib
0x00007fff8704f000 	/usr/lib/system/libsystem_secinit.dylib
0x00007fff87051000 	/usr/lib/system/libsystem_trace.dylib
0x00007fff98948000 	/usr/lib/system/libunc.dylib
0x00007fff8b99d000 	/usr/lib/system/libunwind.dylib
0x00007fff9aa90000 	/usr/lib/system/libxpc.dylib
0x00007fff922a2000 	/usr/lib/libenergytrace.dylib
0x00007fff87118000 	/usr/lib/libbsm.0.dylib
0x00007fff8f542000 	/usr/lib/system/libkxld.dylib
0x00007fff8e352000 	/usr/lib/libxar.1.dylib
0x00007fff989cd000 	/usr/lib/libsqlite3.dylib
0x00007fff9b77a000 	/usr/lib/libpam.2.dylib
0x00007fff8c29b000 	/usr/lib/libOpenScriptingUtil.dylib
0x00007fff87a34000 	/usr/lib/libbz2.1.0.dylib
0x00007fff9287e000 	/usr/lib/liblzma.5.dylib
0x00007fff9ca3b000 	/System/Library/Frameworks/CoreServices.framework/Versions/A/Frameworks/FSEvents.framework/Versions/A/FSEvents
0x00007fff9856a000 	/System/Library/Frameworks/CoreServices.framework/Versions/A/Frameworks/CarbonCore.framework/Versions/A/CarbonCore
0x00007fff99d09000 	/System/Library/Frameworks/CoreServices.framework/Versions/A/Frameworks/Metadata.framework/Versions/A/Metadata
0x00007fff8e361000 	/System/Library/Frameworks/CoreServices.framework/Versions/A/Frameworks/OSServices.framework/Versions/A/OSServices
0x00007fff927cb000 	/System/Library/Frameworks/CoreServices.framework/Versions/A/Frameworks/SearchKit.framework/Versions/A/SearchKit
0x00007fff8c502000 	/System/Library/Frameworks/CoreServices.framework/Versions/A/Frameworks/AE.framework/Versions/A/AE
0x00007fff9c7f9000 	/System/Library/Frameworks/CoreServices.framework/Versions/A/Frameworks/LaunchServices.framework/Versions/A/LaunchServices
0x00007fff9239c000 	/System/Library/Frameworks/CoreServices.framework/Versions/A/Frameworks/DictionaryServices.framework/Versions/A/DictionaryServices
0x00007fff8ba4e000 	/System/Library/Frameworks/CoreServices.framework/Versions/A/Frameworks/SharedFileList.framework/Versions/A/SharedFileList
0x00007fff8e122000 	/System/Library/Frameworks/NetFS.framework/Versions/A/NetFS
0x00007fff8cd71000 	/System/Library/PrivateFrameworks/NetAuth.framework/Versions/A/NetAuth
0x00007fff945ad000 	/System/Library/PrivateFrameworks/login.framework/Versions/A/Frameworks/loginsupport.framework/Versions/A/loginsupport
0x00007fff8ca03000 	/System/Library/PrivateFrameworks/TCC.framework/Versions/A/TCC
0x00007fff99a18000 	/usr/lib/libmecabra.dylib
0x00007fff991aa000 	/System/Library/Frameworks/ApplicationServices.framework/Versions/A/Frameworks/ATS.framework/Versions/A/ATS
0x00007fff9a129000 	/System/Library/Frameworks/ApplicationServices.framework/Versions/A/Frameworks/ColorSync.framework/Versions/A/ColorSync
0x00007fff9835e000 	/System/Library/Frameworks/ApplicationServices.framework/Versions/A/Frameworks/HIServices.framework/Versions/A/HIServices
0x00007fff8d4c4000 	/System/Library/Frameworks/ApplicationServices.framework/Versions/A/Frameworks/LangAnalysis.framework/Versions/A/LangAnalysis
0x00007fff94df6000 	/System/Library/Frameworks/ApplicationServices.framework/Versions/A/Frameworks/PrintCore.framework/Versions/A/PrintCore
0x00007fff9c76e000 	/System/Library/Frameworks/ApplicationServices.framework/Versions/A/Frameworks/QD.framework/Versions/A/QD
0x00007fff9a720000 	/System/Library/Frameworks/ApplicationServices.framework/Versions/A/Frameworks/SpeechSynthesis.framework/Versions/A/SpeechSynthesis
0x00007fff9a7cf000 	/System/Library/Frameworks/Metal.framework/Versions/A/Metal
0x00007fff8e918000 	/System/Library/Frameworks/Accelerate.framework/Versions/A/Frameworks/vImage.framework/Versions/A/vImage
0x00007fff8f604000 	/System/Library/Frameworks/Accelerate.framework/Versions/A/Frameworks/vecLib.framework/Versions/A/vecLib
0x00007fff983ba000 	/System/Library/Frameworks/Accelerate.framework/Versions/A/Frameworks/vecLib.framework/Versions/A/libvDSP.dylib
0x00007fff94032000 	/System/Library/Frameworks/Accelerate.framework/Versions/A/Frameworks/vecLib.framework/Versions/A/libvMisc.dylib
0x00007fff97899000 	/System/Library/Frameworks/Accelerate.framework/Versions/A/Frameworks/vecLib.framework/Versions/A/libLAPACK.dylib
0x00007fff99eda000 	/System/Library/Frameworks/Accelerate.framework/Versions/A/Frameworks/vecLib.framework/Versions/A/libBLAS.dylib
0x00007fff8d7ec000 	/System/Library/Frameworks/Accelerate.framework/Versions/A/Frameworks/vecLib.framework/Versions/A/libLinearAlgebra.dylib
0x00007fff8f54e000 	/System/Library/Frameworks/Accelerate.framework/Versions/A/Frameworks/vecLib.framework/Versions/A/libSparseBLAS.dylib
0x00007fff8d30e000 	/System/Library/PrivateFrameworks/GPUCompiler.framework/libmetal_timestamp.dylib
0x00007fff9895e000 	/System/Library/Frameworks/OpenGL.framework/Versions/A/Libraries/libCoreFSCache.dylib
0x00007fff8c8d8000 	/System/Library/PrivateFrameworks/IOAccelerator.framework/Versions/A/IOAccelerator
0x00007fff9cbdd000 	/System/Library/Frameworks/ApplicationServices.framework/Versions/A/Frameworks/ATS.framework/Versions/A/Resources/libFontParser.dylib
0x00007fff92761000 	/System/Library/Frameworks/ApplicationServices.framework/Versions/A/Frameworks/ATS.framework/Versions/A/Resources/libFontRegistry.dylib
0x00007fff98c41000 	/System/Library/PrivateFrameworks/AppleVPA.framework/Versions/A/AppleVPA
0x00007fff8e094000 	/System/Library/PrivateFrameworks/AppleJPEG.framework/Versions/A/AppleJPEG
0x00007fff948b3000 	/System/Library/Frameworks/ImageIO.framework/Versions/A/Resources/libJPEG.dylib
0x00007fff8edd7000 	/System/Library/Frameworks/ImageIO.framework/Versions/A/Resources/libTIFF.dylib
0x00007fff96046000 	/System/Library/Frameworks/ImageIO.framework/Versions/A/Resources/libPng.dylib
0x00007fff8d64a000 	/System/Library/Frameworks/ImageIO.framework/Versions/A/Resources/libGIF.dylib
0x00007fff8ba9e000 	/System/Library/Frameworks/ImageIO.framework/Versions/A/Resources/libJP2.dylib
0x00007fff9ccda000 	/System/Library/Frameworks/ImageIO.framework/Versions/A/Resources/libRadiance.dylib
0x00007fff92159000 	/System/Library/Frameworks/CoreVideo.framework/Versions/A/CoreVideo
0x00007fff8d6bb000 	/System/Library/Frameworks/OpenGL.framework/Versions/A/Libraries/libGLU.dylib
0x00007fff88122000 	/System/Library/Frameworks/OpenGL.framework/Versions/A/Libraries/libGFXShared.dylib
0x00007fff9d237000 	/System/Library/Frameworks/OpenGL.framework/Versions/A/Libraries/libGL.dylib
0x00007fff9bb02000 	/System/Library/Frameworks/OpenGL.framework/Versions/A/Libraries/libGLImage.dylib
0x00007fff958ce000 	/System/Library/Frameworks/OpenGL.framework/Versions/A/Libraries/libCVMSPluginSupport.dylib
0x00007fff88527000 	/System/Library/Frameworks/OpenGL.framework/Versions/A/Libraries/libCoreVMClient.dylib
0x00007fff8d75e000 	/usr/lib/libcompression.dylib
0x00007fff9a76d000 	/usr/lib/libcups.2.dylib
0x00007fff9264d000 	/System/Library/Frameworks/Kerberos.framework/Versions/A/Kerberos
0x00007fff95af1000 	/System/Library/Frameworks/GSS.framework/Versions/A/GSS
0x00007fff94a0b000 	/usr/lib/libresolv.9.dylib
0x00007fff922a3000 	/usr/lib/libiconv.2.dylib
0x00007fff91091000 	/System/Library/PrivateFrameworks/Heimdal.framework/Versions/A/Heimdal
0x00007fff87129000 	/usr/lib/libheimdal-asn1.dylib
0x00007fff983ab000 	/System/Library/Frameworks/OpenDirectory.framework/Versions/A/OpenDirectory
0x00007fff9ab85000 	/System/Library/PrivateFrameworks/CommonAuth.framework/Versions/A/CommonAuth
0x00007fff8f637000 	/System/Library/Frameworks/OpenDirectory.framework/Versions/A/Frameworks/CFOpenDirectory.framework/Versions/A/CFOpenDirectory
0x00007fff98b33000 	/System/Library/Frameworks/SecurityFoundation.framework/Versions/A/SecurityFoundation
0x00007fff8cf46000 	/System/Library/PrivateFrameworks/LanguageModeling.framework/Versions/A/LanguageModeling
0x00007fff9c7b0000 	/usr/lib/libmarisa.dylib
0x00007fff98b27000 	/usr/lib/libChineseTokenizer.dylib
0x00007fff8a584000 	/usr/lib/libcmph.dylib
0x00007fff963f9000 	/System/Library/Frameworks/ServiceManagement.framework/Versions/A/ServiceManagement
0x00007fff95262000 	/usr/lib/libxslt.1.dylib
0x00007fff8a596000 	/System/Library/Frameworks/Carbon.framework/Versions/A/Frameworks/Ink.framework/Versions/A/Ink
0x00007fff8853c000 	/usr/lib/libFosl_dynamic.dylib
0x00007fff95b2a000 	/System/Library/PrivateFrameworks/FaceCore.framework/Versions/A/FaceCore
0x00007fff8e189000 	/System/Library/Frameworks/OpenCL.framework/Versions/A/OpenCL
0x00007fff98b16000 	/System/Library/PrivateFrameworks/CrashReporterSupport.framework/Versions/A/CrashReporterSupport
0x00007fff9c921000 	/System/Library/PrivateFrameworks/IconServices.framework/Versions/A/IconServices
0x00007fff95290000 	/System/Library/PrivateFrameworks/Apple80211.framework/Versions/A/Apple80211
0x00007fff984cd000 	/System/Library/Frameworks/CoreWLAN.framework/Versions/A/CoreWLAN
0x00007fff8cbd3000 	/System/Library/Frameworks/IOBluetooth.framework/Versions/A/IOBluetooth
0x00007fff8c29c000 	/System/Library/PrivateFrameworks/CoreWiFi.framework/Versions/A/CoreWiFi
0x00007fff8ba3a000 	/System/Library/Frameworks/CoreBluetooth.framework/Versions/A/CoreBluetooth
0x00007fff9227a000 	/System/Library/PrivateFrameworks/ChunkingLibrary.framework/Versions/A/ChunkingLibrary
0x00007fff8c9c8000 	/System/Library/PrivateFrameworks/DebugSymbols.framework/Versions/A/DebugSymbols
0x00007fff89de2000 	/System/Library/PrivateFrameworks/CoreSymbolication.framework/Versions/A/CoreSymbolication
0x00007fff9ab24000 	/System/Library/PrivateFrameworks/Symbolication.framework/Versions/A/Symbolication
0x00007fff9c3e5000 	/System/Library/PrivateFrameworks/SpeechRecognitionCore.framework/Versions/A/SpeechRecognitionCore
0x0000000101484000 	/Library/Java/JavaVirtualMachines/jdk-9.0.4.jdk/Contents/Home/lib/server/libjvm.dylib
0x00007fff952f2000 	/usr/lib/libstdc++.6.dylib
0x000000010212b000 	/Library/Java/JavaVirtualMachines/jdk-9.0.4.jdk/Contents/Home/lib/libverify.dylib
0x0000000102138000 	/Library/Java/JavaVirtualMachines/jdk-9.0.4.jdk/Contents/Home/lib/libjava.dylib
0x0000000102176000 	/Library/Java/JavaVirtualMachines/jdk-9.0.4.jdk/Contents/Home/lib/libzip.dylib
0x000000010217e000 	/Library/Java/JavaVirtualMachines/jdk-9.0.4.jdk/Contents/Home/lib/libjimage.dylib
0x000000012141f000 	/Library/Java/JavaVirtualMachines/jdk-9.0.4.jdk/Contents/Home/lib/libnio.dylib
0x000000012142f000 	/Library/Java/JavaVirtualMachines/jdk-9.0.4.jdk/Contents/Home/lib/./libnet.dylib
0x00000001214f0000 	/Library/Java/JavaVirtualMachines/jdk-9.0.4.jdk/Contents/Home/lib/libawt.dylib
0x0000000121595000 	/Library/Java/JavaVirtualMachines/jdk-9.0.4.jdk/Contents/Home/lib/./libmlib_image.dylib
0x0000000121603000 	/System/Library/Frameworks/JavaVM.framework/Versions/A/Frameworks/JavaNativeFoundation.framework/Versions/A/JavaNativeFoundation
0x0000000121618000 	/System/Library/Frameworks/JavaVM.framework/Versions/A/Frameworks/JavaRuntimeSupport.framework/Versions/A/JavaRuntimeSupport
0x0000000121633000 	/System/Library/Frameworks/JavaVM.framework/Versions/A/JavaVM
0x0000000121640000 	/System/Library/PrivateFrameworks/JavaLaunching.framework/Versions/A/JavaLaunching
0x00007fff88227000 	/System/Library/Frameworks/Carbon.framework/Versions/A/Carbon
0x00007fff95f5e000 	/System/Library/Frameworks/Carbon.framework/Versions/A/Frameworks/CommonPanels.framework/Versions/A/CommonPanels
0x00007fff948a2000 	/System/Library/Frameworks/Carbon.framework/Versions/A/Frameworks/Help.framework/Versions/A/Help
0x00007fff88de6000 	/System/Library/Frameworks/Carbon.framework/Versions/A/Frameworks/ImageCapture.framework/Versions/A/ImageCapture
0x00007fff9c3a0000 	/System/Library/Frameworks/Carbon.framework/Versions/A/Frameworks/OpenScripting.framework/Versions/A/OpenScripting
0x00007fff99caf000 	/System/Library/Frameworks/Carbon.framework/Versions/A/Frameworks/Print.framework/Versions/A/Print
0x00007fff8728b000 	/System/Library/Frameworks/Carbon.framework/Versions/A/Frameworks/SecurityHI.framework/Versions/A/SecurityHI
0x000000012164c000 	/Library/Java/JavaVirtualMachines/jdk-9.0.4.jdk/Contents/Home/lib/libawt_lwawt.dylib
0x000000012170c000 	/Library/Java/JavaVirtualMachines/jdk-9.0.4.jdk/Contents/Home/lib/./libosxapp.dylib
0x00007fff86a00000 	/System/Library/Frameworks/ExceptionHandling.framework/Versions/A/ExceptionHandling
0x0000000121727000 	/Library/Java/JavaVirtualMachines/jdk-9.0.4.jdk/Contents/Home/lib/libfontmanager.dylib
0x00007fff98c12000 	/System/Library/PrivateFrameworks/CoreServicesInternal.framework/Versions/A/CoreServicesInternal
0x00007fff9d20d000 	/System/Library/Frameworks/CoreGraphics.framework/Versions/A/Resources/libRIP.A.dylib
0x00007fff877f9000 	/System/Library/Frameworks/Accelerate.framework/Versions/A/Frameworks/vImage.framework/Versions/A/Libraries/libCGInterfaces.dylib
0x00007fff9afc4000 	/System/Library/Frameworks/CoreGraphics.framework/Versions/A/Resources/libCGXType.A.dylib
0x00007fff8d30f000 	/System/Library/Frameworks/OpenCL.framework/Versions/A/Libraries/libcldcpuengine.dylib
0x00007fff8f8fb000 	/System/Library/PrivateFrameworks/DiskImages.framework/Versions/A/DiskImages
0x00007fff94a28000 	/System/Library/Frameworks/DiscRecording.framework/Versions/A/DiscRecording
0x00007fff92b1f000 	/usr/lib/libcsfde.dylib
0x00007fff8cfee000 	/usr/lib/libcurl.4.dylib
0x00007fff9ca65000 	/System/Library/PrivateFrameworks/MediaKit.framework/Versions/A/MediaKit
0x00007fff87025000 	/System/Library/PrivateFrameworks/ProtectedCloudStorage.framework/Versions/A/ProtectedCloudStorage
0x00007fff951d2000 	/usr/lib/libCoreStorage.dylib
0x00007fff8d778000 	/System/Library/PrivateFrameworks/EFILogin.framework/Versions/A/EFILogin
0x00007fff9a1c0000 	/usr/lib/libutil.dylib
0x00007fff977dc000 	/System/Library/PrivateFrameworks/FindMyDevice.framework/Versions/A/FindMyDevice
0x00007fff8d64f000 	/System/Library/Frameworks/LDAP.framework/Versions/A/LDAP
0x00007fff948d8000 	/usr/lib/libsasl2.2.dylib
0x00007fff8e180000 	/System/Library/PrivateFrameworks/CoreDaemon.framework/Versions/B/CoreDaemon
0x00007fff9caf6000 	/usr/lib/libcrypto.0.9.8.dylib
0x00007fff8a3f4000 	/System/Library/PrivateFrameworks/AppleSRP.framework/Versions/A/AppleSRP
0x00007fff927c3000 	/System/Library/PrivateFrameworks/TrustEvaluationAgent.framework/Versions/A/TrustEvaluationAgent
0x0000000123dea000 	cl_kernels
0x00007fff9597c000 	/System/Library/Frameworks/OpenCL.framework/Versions/A/Libraries/ImageFormats/unorm8_bgra.dylib
0x00007fff9a63f000 	/System/Library/Frameworks/OpenCL.framework/Versions/A/Libraries/ImageFormats/unorm8_rgba.dylib
0x0000000123e08000 	/Users/ma10s/eclipse-workspace/GameEngine3D/lib/natives/liblwjgl.jnilib
0x0000000123c4a000 	/Library/Java/JavaVirtualMachines/jdk-9.0.4.jdk/Contents/Home/lib/libjawt.dylib
0x00007fff8c304000 	/System/Library/Frameworks/OpenGL.framework/Versions/A/Resources/GLEngine.bundle/GLEngine
0x00007fff9621b000 	/System/Library/Frameworks/OpenGL.framework/Versions/A/Libraries/libGLProgrammability.dylib
0x0000000125cdd000 	/System/Library/Extensions/GeForceTeslaGLDriver.bundle/Contents/MacOS/GeForceTeslaGLDriver
0x000000012789d000 	/System/Library/Extensions/GeForceTeslaGLDriver.bundle/Contents/MacOS/libclh.dylib
0x00007fff9a231000 	/System/Library/PrivateFrameworks/GPUSupport.framework/Versions/A/Libraries/libGPUSupport.dylib
0x00007fff9c3ba000 	/System/Library/Frameworks/OpenGL.framework/Versions/A/Resources/GLRendererFloat.bundle/GLRendererFloat

VM Arguments:
jvm_args: -Djava.library.path=/Users/ma10s/eclipse-workspace/GameEngine3D/lib/natives -Dfile.encoding=UTF-8 
java_command: engineTester.MainGameLoop
java_class_path (initial): /Users/ma10s/eclipse-workspace/GameEngine3D/bin:/Users/ma10s/eclipse-workspace/GameEngine3D/lib/jars/lwjgl_util.jar:/Users/ma10s/eclipse-workspace/GameEngine3D/lib/jars/lwjgl.jar:/Users/ma10s/eclipse-workspace/GameEngine3D/lib/jars/slick-util.jar
Launcher Type: SUN_STANDARD

Logging:
Log output configuration:
#0: stdout all=warning uptime,level,tags
#1: stderr all=off uptime,level,tags

Environment Variables:
PATH=/usr/bin:/bin:/usr/sbin:/sbin
SHELL=/bin/bash
DISPLAY=/private/tmp/com.apple.launchd.5jgvgna1Wh/org.macosforge.xquartz:0

Signal Handlers:
SIGSEGV: [libjvm.dylib+0x73f3dc], sa_mask[0]=11111111011111110111111111111111, sa_flags=SA_ONSTACK|SA_RESTART|SA_SIGINFO
SIGBUS: [libjvm.dylib+0x73f3dc], sa_mask[0]=11111111011111110111111111111111, sa_flags=SA_RESTART|SA_SIGINFO
SIGFPE: [libjvm.dylib+0x73f3dc], sa_mask[0]=11111111011111110111111111111111, sa_flags=SA_RESTART|SA_SIGINFO
SIGPIPE: [libjvm.dylib+0x5f233c], sa_mask[0]=11111111011111110111111111111111, sa_flags=SA_RESTART|SA_SIGINFO
SIGXFSZ: [libjvm.dylib+0x5f233c], sa_mask[0]=11111111011111110111111111111111, sa_flags=SA_RESTART|SA_SIGINFO
SIGILL: [libjvm.dylib+0x73f3dc], sa_mask[0]=11111111011111110111111111111111, sa_flags=SA_RESTART|SA_SIGINFO
SIGUSR2: [libjvm.dylib+0x5f2bcc], sa_mask[0]=00100000000000000000000000000000, sa_flags=SA_RESTART|SA_SIGINFO
SIGHUP: [libjvm.dylib+0x5f1409], sa_mask[0]=11111111011111110111111111111111, sa_flags=SA_RESTART|SA_SIGINFO
SIGINT: [libjvm.dylib+0x5f1409], sa_mask[0]=11111111011111110111111111111111, sa_flags=SA_RESTART|SA_SIGINFO
SIGTERM: [libjvm.dylib+0x5f1409], sa_mask[0]=11111111011111110111111111111111, sa_flags=SA_RESTART|SA_SIGINFO
SIGQUIT: [libjvm.dylib+0x5f1409], sa_mask[0]=11111111011111110111111111111111, sa_flags=SA_RESTART|SA_SIGINFO


---------------  S Y S T E M  ---------------

OS:uname:Darwin 15.6.0 Darwin Kernel Version 15.6.0: Thu Jun 23 18:25:34 PDT 2016; root:xnu-3248.60.10~1/RELEASE_X86_64 x86_64
rlimit: STACK 8192k, CORE 0k, NPROC 709, NOFILE 10240, AS infinity
load average:1.47 1.48 1.62

CPU:total 2 (initial active 2) (2 cores per cpu, 1 threads per core) family 6 model 23 stepping 10, cmov, cx8, fxsr, mmx, sse, sse2, sse3, ssse3, sse4.1, tsc

Memory: 4k page, physical 4194304k(46924k free)

vm_info: Java HotSpot(TM) 64-Bit Server VM (9.0.4+11) for bsd-amd64 JRE (9.0.4+11), built on Dec 20 2017 02:08:50 by "mach5one" with gcc 4.2.1 Compatible Apple LLVM 6.1.0 (clang-602.0.49)

END.
